{
  "0 debug pnpm:scope": {
    "selected": 1,
    "workspacePrefix": null
  },
  "1 error pnpm": {
    "message": {
      "errno": 3221225786,
      "code": "ELIFECYCLE",
      "pkgid": "cave-explorer@0.1.0",
      "stage": "start",
      "script": "react-scripts start",
      "pkgname": "cave-explorer"
    },
    "err": {
      "name": "Error",
      "message": "cave-explorer@0.1.0 start: `react-scripts start`\nExit status 3221225786",
      "code": "ELIFECYCLE",
      "stack": "Error: cave-explorer@0.1.0 start: `react-scripts start`\nExit status 3221225786\n    at EventEmitter.<anonymous> (C:\\Users\\elper\\AppData\\Roaming\\npm\\node_modules\\pnpm\\lib\\node_modules\\@zkochan\\npm-lifecycle\\index.js:302:16)\n    at EventEmitter.emit (events.js:210:5)\n    at ChildProcess.<anonymous> (C:\\Users\\elper\\AppData\\Roaming\\npm\\node_modules\\pnpm\\lib\\node_modules\\@zkochan\\npm-lifecycle\\lib\\spawn.js:55:14)\n    at ChildProcess.emit (events.js:210:5)\n    at maybeClose (internal/child_process.js:1021:16)\n    at Process.ChildProcess._handle.onexit (internal/child_process.js:283:5)"
    }
  }
}